#
#
#
#
#
#    Don't try viewing this report without a plog-converter utility!!!
#
#    plog-converter -a GA:1,2 -t tasklist -o report.tasks /path/to/this/file.log
#
#    A link to the documentation: https://www.viva64.com/en/m/0036/
#
#
#
#
#
d99cf3ba-6fcd-43f9-9260-1179fa3a9bed
r-vUVbw<6y|D3 h22y|D3J*Xy|D3(a88o(,\Jw.?(O88o28U_ua(O6T.(9P =}'y|D3uaa8ay|D3r[GVy|D31>'8aau'oc 8aPUo}c{8>=-_uac'Lu's->jcoLucoL-a_cU'ohU2cUajhPu>oc8 coLucNka->o Nc h>'o-8>}c,Luc.1HQ<Fc->oujuacofkucUajhPu>oc-=cu/ku'ou_}y|D3 U2=uy|D3*y|D3y|D3cka->o ;RY=)>F-=sc.-:u%cY_c6-O)>REc_-=s>UPuEc_-=s=-:u^ny|D3cka->o ;RQUPuccccccccccccccccccccccccccccpcccccccccccc.-:uc;O^pccccccCu=uavu_c;6-O^)>R^ny|D3y|D3{4<wVJX
r-vUVbw<6y|D3 h22y|D3J[by|D3(a88o(,\Jw.?(O88o28U_ua(O6T.(9P =}'y|D3uaa8ay|D3r[GVy|D31>'8aau'oc 8aPUo}c{8>=-_uac'Lu's->jcoLucoL-a_cU'ohU2cUajhPu>oc8 coLucNka->o Nc h>'o-8>}c,Luc.1HQ<Fc->oujuacofkucUajhPu>oc-=cu/ku'ou_}y|D3 U2=uy|D3*y|D3ccdy|D3cccka->o ;RYw*J=cYJS22_cYJS22_)>REcu>oaf}T-2uQUPuEcu>oaf}T-2u.-:uEc;u>oaf}Cu=uavu_O28's=+J^^ny|D3ccBy|D3y|D3{4<wVJX
r-vUVbw<6y|D3 h22y|D3J[by|D3(a88o(,\Jw.?(O88o28U_ua(O6T.(9P =}'y|D3uaa8ay|D3r[GVy|D31>'8aau'oc 8aPUo}c{8>=-_uac'Lu's->jcoLuc 8haoLcU'ohU2cUajhPu>oc8 coLucNka->o Nc h>'o-8>}c,Luc.1HQ<Fc->oujuacofkucUajhPu>oc-=cu/ku'ou_}y|D3 U2=uy|D3*y|D3ccdy|D3cccka->o ;RYw*J=cYJS22_cYJS22_)>REcu>oaf}T-2uQUPuEcu>oaf}T-2u.-:uEc;u>oaf}Cu=uavu_O28's=+J^^ny|D3ccBy|D3y|D3{4<wVJX
r-vUVbw<6y|D3 h22y|D3*Viy|D3(a88o(,\Jw.?(O88o28U_ua(O6T.(9P =}'y|D3uaa8ay|D3r[Xby|D3,LucN_-=s.-:uNcvU2huc-=ckau=u>oc8>c98oLc=-_u=c8 coLucN3Nc8kuaUo8a}c,Lucu/kau==-8>c-=c->'8aau'oc8ac-oc'U>c9uc=-Pk2- -u_}y|D3 U2=uy|D3*y|D3ccdy|D3ccc- c;_-=s.-:uc+cxSJbc3c_-=s.-:uc^c((c6Usuc=hauc]uc_8>Noc8vua 28]y|D3cccdy|D3y|D3
r-vUVbw<6y|D3 h22y|D3bSXy|D3(a88o(,\Jw.?(O88o28U_ua(O6T.(9P =}'y|D3uaa8ay|D3r[GVy|D31>'8aau'oc 8aPUo}c{8>=-_uac'Lu's->jcoLuc=u'8>_cU'ohU2cUajhPu>oc8 coLucNka->o Nc h>'o-8>}cg>_uac'uaoU->c'8>_-o-8>=coLuck8->ouac'U>c9uc>h22}y|D3 U2=uy|D3*y|D3ccdy|D3cccka->o ;R<aa8a%cg>U92uco8c8ku>cY=c -2ucNY=N)>REc988oT-2u,fkuEc988o^ny|D3cccauocmcxny|D3y|D3{4<wVXG
r-vUVbw<6y|D3 h22y|D3b[Jy|D3(a88o(,\Jw.?(O88o28U_ua(O6T.(9P =}'y|D3uaa8ay|D3r[G[y|D3,Luck8ou>o-U2c>h22ck8->ouac-=ckU==u_c->o8cNPuP=uoNc h>'o-8>}c1>=ku'ocoLuc -a=ocUajhPu>o}y|D3 U2=uy|D3*y|D3cc_8h92uckua'u>ony|D3ccPuP=uo;9h  uaEcSEc9h  ua.-:u^ny|D3cc]a-ou.-:ucmcSny|D3y|D3{4<wVJX
r-vUVbw<6y|D3 h22y|D3bXJy|D3(a88o(,\Jw.?(O88o28U_ua(O6T.(9P =}'y|D3uaa8ay|D3r[G[y|D3,Luck8ou>o-U2c>h22ck8->ouac-=ckU==u_c->o8cNau]->_Nc h>'o-8>}c1>=ku'ocoLuc -a=ocUajhPu>o}y|D3 U2=uy|D3*y|D3cdy|D3ccau]->_;_-=s^ny|D3cc 8aPUo;^ny|D3y|D3{4<wVJX
r-vUVbw<6y|D3 h22y|D3[[Jy|D3(a88o(,\Jw.?(O88o28U_ua(O6T.(9P =}'y|D3uaa8ay|D3r[i[y|D3,LucN_-=sNck8->ouac]U=cho-2-:u_c9u 8auc-oc]U=cvua- -u_cUjU->=oc>h22koa}c{Lu'sc2->u=%c[[JEc[G[}y|D3 U2=uy|D3xy|D3cccdy|D3cccc- c; uaa8a;_-=s^^y|D3ccccdy|D3[[JE[G[y|D3{4<wbGV
r-vUVbw<6y|D3 h22y|D3VXiy|D3(a88o(,\Jw.?(O88o28U_ua(O6T.(9P =}'y|D3uaa8ay|D3r[GVy|D31>'8aau'oc 8aPUo}c{8>=-_uac'Lu's->jcoLuc=u'8>_cU'ohU2cUajhPu>oc8 coLucNka->o Nc h>'o-8>}c,Luc.1HQ<Fc->oujuacofkucUajhPu>oc-=cu/ku'ou_}y|D3 U2=uy|D3*y|D3ccdy|D3cccka->o ;R{U>>8oc'auUouc -2uc8 c=-:ucY22_c6-O})>REcPU/=-:u^ny|D3cccauoha>ny|D3y|D3{4<wVJX
r-vUVbw<6y|D3 h22y|D3*Sy|D3(a88o(,\Jw.?(`ua>u2(=a'(Phou/}'y|D3uaa8ay|D3r[bGy|D3</kau==-8>cN->-oc3mcSNc-=cU2]Uf=coahu}cg>=-j>u_cofkucvU2huc-=cU2]Uf=c3mcS}y|D3 U2=uy|D3xy|D3cccc((,8F8c.-cu=ch->oVbKoEcu=cU2cku_8cvuac=-cu=c3mcSy|D3cccc- c;->-oc3mcS^c=uP}'8h>ocmc->-ony|D3ccccu2=uc=uP}'8h>ocmcxny|D3y|D3{4<w[Gx
r-vUVbw<6y|D3 h22y|D3Gy|D3(a88o(,\Jw.?(`ua>u2(->'2h_u(P8_h2u$__au==u=}Ly|D3uaa8ay|D3r[VVy|D3,Luc->oujuac'8>=oU>oc-=c'8>vuaou_co8ck8->oua}c\8==-92fcU>cuaa8ac8acUc9U_c'8_->jc=of2u%c;v8-_c+^cS/bSSSSSy|D3 U2=uy|D3*y|D3y|D3=oUo-'cv8-_c+c'8>=oc=UPk2u{8_u68_h2u$__au==cmc;v8-_+^S/bSSSSSny|D3=oUo-'cv8-_c+c'8>=oc=UPk2uFUoU68_h2u$__au==cmc;v8-_+^S/[SSSSSny|D3y|D3{4<w[XG
r-vUVbw<6y|D3 h22y|D3Xy|D3(a88o(,\Jw.?(`ua>u2(->'2h_u(P8_h2u$__au==u=}Ly|D3uaa8ay|D3r[VVy|D3,Luc->oujuac'8>=oU>oc-=c'8>vuaou_co8ck8->oua}c\8==-92fcU>cuaa8ac8acUc9U_c'8_->jc=of2u%c;v8-_c+^cS/[SSSSSy|D3 U2=uy|D3*y|D3=oUo-'cv8-_c+c'8>=oc=UPk2u{8_u68_h2u$__au==cmc;v8-_+^S/bSSSSSny|D3=oUo-'cv8-_c+c'8>=oc=UPk2uFUoU68_h2u$__au==cmc;v8-_+^S/[SSSSSny|D3y|D3y|D3{4<w[XG
r-vUVbw<6y|D3 h22y|D3xSy|D3(a88o(,\Jw.?(`ua>u2(->'2h_u(P8_h2u$__au==u=}Ly|D3uaa8ay|D3r[VVy|D3,Luc->oujuac'8>=oU>oc-=c'8>vuaou_co8ck8->oua}c\8==-92fcU>cuaa8ac8acUc9U_c'8_->jc=of2u%c;v8-_c+^cS/xSSSSSSy|D3 U2=uy|D3*y|D3y|D3=oUo-'cv8-_c+c'8>=ocka8'u==$68_h2u$__au==cmc;v8-_+^S/xSSSSSSny|D3=oUo-'cv8-_c+c'8>=ocka8'u==O68_h2u$__au==cmc;v8-_+^S/xxSSSSSny|D3y|D3{4<w[XG
r-vUVbw<6y|D3 h22y|D3xxy|D3(a88o(,\Jw.?(`ua>u2(->'2h_u(P8_h2u$__au==u=}Ly|D3uaa8ay|D3r[VVy|D3,Luc->oujuac'8>=oU>oc-=c'8>vuaou_co8ck8->oua}c\8==-92fcU>cuaa8ac8acUc9U_c'8_->jc=of2u%c;v8-_c+^cS/xxSSSSSy|D3 U2=uy|D3*y|D3=oUo-'cv8-_c+c'8>=ocka8'u==$68_h2u$__au==cmc;v8-_+^S/xSSSSSSny|D3=oUo-'cv8-_c+c'8>=ocka8'u==O68_h2u$__au==cmc;v8-_+^S/xxSSSSSny|D3=oUo-'cv8-_c+c'8>=oc=Lu2268_h2u$__au==cmc;v8-_+^S/xJSSSSSny|D3y|D3{4<w[XG
r-vUVbw<6y|D3 h22y|D3xJy|D3(a88o(,\Jw.?(`ua>u2(->'2h_u(P8_h2u$__au==u=}Ly|D3uaa8ay|D3r[VVy|D3,Luc->oujuac'8>=oU>oc-=c'8>vuaou_co8ck8->oua}c\8==-92fcU>cuaa8ac8acUc9U_c'8_->jc=of2u%c;v8-_c+^cS/xJSSSSSy|D3 U2=uy|D3*y|D3=oUo-'cv8-_c+c'8>=ocka8'u==O68_h2u$__au==cmc;v8-_+^S/xxSSSSSny|D3=oUo-'cv8-_c+c'8>=oc=Lu2268_h2u$__au==cmc;v8-_+^S/xJSSSSSny|D3=oUo-'cv8-_c+c'8>=oc-_2u68_h2u$__au==cmc;v8-_+^S/xbSSSSSny|D3y|D3{4<w[XG
r-vUVbw<6y|D3 h22y|D3x*y|D3(a88o(,\Jw.?(`ua>u2(->'2h_u(P8_h2u$__au==u=}Ly|D3uaa8ay|D3r[VVy|D3,Luc->oujuac'8>=oU>oc-=c'8>vuaou_co8ck8->oua}c\8==-92fcU>cuaa8ac8acUc9U_c'8_->jc=of2u%c;v8-_c+^cS/xbSSSSSy|D3 U2=uy|D3*y|D3=oUo-'cv8-_c+c'8>=oc=Lu2268_h2u$__au==cmc;v8-_+^S/xJSSSSSny|D3=oUo-'cv8-_c+c'8>=oc-_2u68_h2u$__au==cmc;v8-_+^S/xbSSSSSny|D3=oUo-'cv8-_c+c'8>=oc=2uuk68_h2u$__au==cmc;v8-_+^S/x[SSSSSny|D3y|D3{4<w[XG
r-vUVbw<6y|D3 h22y|D3xby|D3(a88o(,\Jw.?(`ua>u2(->'2h_u(P8_h2u$__au==u=}Ly|D3uaa8ay|D3r[VVy|D3,Luc->oujuac'8>=oU>oc-=c'8>vuaou_co8ck8->oua}c\8==-92fcU>cuaa8ac8acUc9U_c'8_->jc=of2u%c;v8-_c+^cS/x[SSSSSy|D3 U2=uy|D3*y|D3=oUo-'cv8-_c+c'8>=oc-_2u68_h2u$__au==cmc;v8-_+^S/xbSSSSSny|D3=oUo-'cv8-_c+c'8>=oc=2uuk68_h2u$__au==cmc;v8-_+^S/x[SSSSSny|D3=oUo-'cv8-_c+c'8>=oc288k68_h2u$__au==cmc;v8-_+^S/xVSSSSSny|D3y|D3{4<w[XG
r-vUVbw<6y|D3 h22y|D3x[y|D3(a88o(,\Jw.?(`ua>u2(->'2h_u(P8_h2u$__au==u=}Ly|D3uaa8ay|D3r[VVy|D3,Luc->oujuac'8>=oU>oc-=c'8>vuaou_co8ck8->oua}c\8==-92fcU>cuaa8ac8acUc9U_c'8_->jc=of2u%c;v8-_c+^cS/xVSSSSSy|D3 U2=uy|D3*y|D3=oUo-'cv8-_c+c'8>=oc=2uuk68_h2u$__au==cmc;v8-_+^S/x[SSSSSny|D3=oUo-'cv8-_c+c'8>=oc288k68_h2u$__au==cmc;v8-_+^S/xVSSSSSny|D3=oUo-'cv8-_c+c'8>=oc'Uo68_h2u$__au==cmc;v8-_+^S/xGSSSSSny|D3y|D3{4<w[XG
r-vUVbw<6y|D3 h22y|D3xVy|D3(a88o(,\Jw.?(`ua>u2(->'2h_u(P8_h2u$__au==u=}Ly|D3uaa8ay|D3r[VVy|D3,Luc->oujuac'8>=oU>oc-=c'8>vuaou_co8ck8->oua}c\8==-92fcU>cuaa8ac8acUc9U_c'8_->jc=of2u%c;v8-_c+^cS/xGSSSSSy|D3 U2=uy|D3*y|D3=oUo-'cv8-_c+c'8>=oc288k68_h2u$__au==cmc;v8-_+^S/xVSSSSSny|D3=oUo-'cv8-_c+c'8>=oc'Uo68_h2u$__au==cmc;v8-_+^S/xGSSSSSny|D3=oUo-'cv8-_c+c'8>=oc]'68_h2u$__au==cmc;v8-_+^S/xXSSSSSny|D3y|D3{4<w[XG
r-vUVbw<6y|D3 h22y|D3xGy|D3(a88o(,\Jw.?(`ua>u2(->'2h_u(P8_h2u$__au==u=}Ly|D3uaa8ay|D3r[VVy|D3,Luc->oujuac'8>=oU>oc-=c'8>vuaou_co8ck8->oua}c\8==-92fcU>cuaa8ac8acUc9U_c'8_->jc=of2u%c;v8-_c+^cS/xXSSSSSy|D3 U2=uy|D3*y|D3=oUo-'cv8-_c+c'8>=oc'Uo68_h2u$__au==cmc;v8-_+^S/xGSSSSSny|D3=oUo-'cv8-_c+c'8>=oc]'68_h2u$__au==cmc;v8-_+^S/xXSSSSSny|D3=oUo-'cv8-_c+c'8>=oc -2oua68_h2u$__au==cmc;v8-_+^S/xiSSSSSny|D3y|D3{4<w[XG
r-vUVbw<6y|D3 h22y|D3xXy|D3(a88o(,\Jw.?(`ua>u2(->'2h_u(P8_h2u$__au==u=}Ly|D3uaa8ay|D3r[VVy|D3,Luc->oujuac'8>=oU>oc-=c'8>vuaou_co8ck8->oua}c\8==-92fcU>cuaa8ac8acUc9U_c'8_->jc=of2u%c;v8-_c+^cS/xiSSSSSy|D3 U2=uy|D3*y|D3=oUo-'cv8-_c+c'8>=oc]'68_h2u$__au==cmc;v8-_+^S/xXSSSSSny|D3=oUo-'cv8-_c+c'8>=oc -2oua68_h2u$__au==cmc;v8-_+^S/xiSSSSSny|D3=oUo-'cv8-_c+c'8>=ockLf2868_h2u$__au==cmc;v8-_+^S/x$SSSSSny|D3y|D3{4<w[XG
r-vUVbw<6y|D3 h22y|D3xiy|D3(a88o(,\Jw.?(`ua>u2(->'2h_u(P8_h2u$__au==u=}Ly|D3uaa8ay|D3r[VVy|D3,Luc->oujuac'8>=oU>oc-=c'8>vuaou_co8ck8->oua}c\8==-92fcU>cuaa8ac8acUc9U_c'8_->jc=of2u%c;v8-_c+^cS/x$SSSSSy|D3 U2=uy|D3*y|D3=oUo-'cv8-_c+c'8>=oc -2oua68_h2u$__au==cmc;v8-_+^S/xiSSSSSny|D3=oUo-'cv8-_c+c'8>=ockLf2868_h2u$__au==cmc;v8-_+^S/x$SSSSSny|D3y|D3y|D3{4<w[XG
r-vUVbw<6y|D3 h22y|D3xxby|D3(a88o(,\Jw.?(`ua>u2(=a'(ka8'u==}'y|D3uaa8ay|D3rGG*y|D3,Luc h>'o-8>c]U=cu/-ou_c]-oL8hocau2uU=->jcoLucN->Nck8->oua}c$cPuP8afc2uUsc-=ck8==-92u}y|D3 U2=uy|D3xy|D3cccc _\8->ouac+c8hocmc; _\8->ouac+^cPU228';=-:u8 ; _\8->oua^^ny|D3cccc- c;->cmmcScppc8hocmmcS^cauoha>cSnc((cQ8cP8aucPuP8afy|D3y|D3xxbExxJy|D3{4<wbSx
r-vUVbw<6y|D3 h22y|D3xxby|D3(a88o(,\Jw.?(`ua>u2(=a'(ka8'u==}'y|D3uaa8ay|D3rGG*y|D3,Luc h>'o-8>c]U=cu/-ou_c]-oL8hocau2uU=->jcoLucN8hoNck8->oua}c$cPuP8afc2uUsc-=ck8==-92u}y|D3 U2=uy|D3xy|D3cccc _\8->ouac+c8hocmc; _\8->ouac+^cPU228';=-:u8 ; _\8->oua^^ny|D3cccc- c;->cmmcScppc8hocmmcS^cauoha>cSnc((cQ8cP8aucPuP8afy|D3y|D3xxbExx*y|D3{4<wbSx
r-vUVbw<6y|D3 h22y|D3JJVy|D3(a88o(,\Jw.?(g=ua2U>_(.Lu22(=a'(=Lu22}'y|D3uaa8ay|D3rVSiy|D3F-v-_uc9fc:ua8}cFu>8P->Uo8acN9NcmmcS}y|D3 U2=uy|D3xy|D3cccc->ocUcmcxSEc9cmcSny|D3ccccUcmcUc(c9ny|D3ccccka->o ;RY_REcU^ny|D3y|D3{4<w*Vi
